<?xml version="1.0" encoding="utf-8"?><testsuites name="pytest tests"><testsuite name="pytest" errors="0" failures="0" skipped="0" tests="107" time="8.778" timestamp="2026-08-22T10:19:01.588542+08:00" hostname="TKGEKKOU"><testcase classname="tests.unit.test_agent_system" name="test_capability_question_requires_explicit_self_inspection" time="0.000" /><testcase classname="tests.unit.test_agent_system" name="test_web_search_requires_explicit_request_or_external_fact" time="0.001" /><testcase classname="tests.unit.test_agent_system" name="test_rag_insufficient_requests_confirmation_without_search" time="0.001" /><testcase classname="tests.unit.test_agent_system" name="test_rag_confirmation_runs_one_batch_search_and_hides_payload" time="0.001" /><testcase classname="tests.unit.test_agent_system" name="test_explicit_web_request_skips_rag_fallback_confirmation" time="0.001" /><testcase classname="tests.unit.test_agent_system" name="test_internal_tool_payload_is_removed_from_final_answer" time="0.000" /><testcase classname="tests.unit.test_agent_system" name="test_web_tools_require_request_authorization" time="0.000" /><testcase classname="tests.unit.test_agent_system" name="test_search_usage_is_counted_from_tool_messages" time="0.000" /><testcase classname="tests.unit.test_agent_system" name="test_confirmed_search_prefers_keyless_batch_tool" time="0.000" /><testcase classname="tests.unit.test_agent_system" name="test_confirmed_search_uses_configured_key_provider_without_tool_runtime" time="0.000" /><testcase classname="tests.unit.test_agent_system" name="test_real_graph_pauses_before_rag_fallback_search" time="3.035" /><testcase classname="tests.unit.test_agent_system" name="test_worker_tools_are_limited_to_registered_owner" time="0.000" /><testcase classname="tests.unit.test_agent_system" name="test_persona_workflow_has_supervisor_and_worker_nodes" time="1.086" /><testcase classname="tests.unit.test_agent_system" name="test_supervisor_prompt_includes_full_persona_profile_and_fact_first_rules" time="0.002" /><testcase classname="tests.unit.test_agent_system" name="test_supervisor_prompt_limits_tts_enabled_chat_length" time="0.002" /><testcase classname="tests.unit.test_agent_system" name="test_persona_chat_prompt_limits_ordinary_reply_length" time="0.000" /><testcase classname="tests.unit.test_agent_system" name="test_rag_generation_prompt_limits_answer_length" time="0.000" /><testcase classname="tests.unit.test_agent_system" name="test_web_worker_prompt_requires_structured_evidence_handoff" time="0.000" /><testcase classname="tests.unit.test_agent_system" name="test_service_builds_one_parent_workflow" time="0.000" /><testcase classname="tests.unit.test_agent_system" name="test_service_rebuilds_workflow_after_tool_registry_change" time="0.000" /><testcase classname="tests.unit.test_agent_system" name="test_supervisor_handoff_returns_to_persona_response" time="0.068" /><testcase classname="tests.unit.test_agent_system" name="test_knowledge_handoff_uses_one_strategy_call_then_deterministic_tool" time="0.065" /><testcase classname="tests.unit.test_agent_system" name="test_structured_handoff_executes_validated_sql_and_formats_result" time="0.063" /><testcase classname="tests.unit.test_agent_system" name="test_service_reports_one_agent_model_call_for_knowledge_fast_path" time="0.057" /><testcase classname="tests.unit.test_agent_system" name="test_management_handoff_resumes_in_same_parent_workflow" time="0.096" /><testcase classname="tests.unit.test_agent_system" name="test_registry_exposes_expected_read_only_tools" time="0.000" /><testcase classname="tests.unit.test_agent_system" name="test_web_search_returns_guidance_when_no_key_configured" time="0.001" /><testcase classname="tests.unit.test_agent_system" name="test_supervisor_routes_to_capability_specialists" time="0.000" /><testcase classname="tests.unit.test_agent_system" name="test_every_specialist_receives_persona_type_and_profile" time="0.000" /><testcase classname="tests.unit.test_agent_system" name="test_all_specialists_share_one_conversation_thread" time="0.000" /><testcase classname="tests.unit.test_agent_system" name="test_rag_tool_uses_only_server_injected_scope" time="0.000" /><testcase classname="tests.unit.test_agent_system" name="test_knowledge_tool_returns_fail_closed_specialist_result" time="0.000" /><testcase classname="tests.unit.test_agent_system" name="test_knowledge_finalize_discards_worker_text_when_gate_rejects_evidence" time="0.000" /><testcase classname="tests.unit.test_agent_system" name="test_knowledge_finalize_only_hands_accepted_answer_to_supervisor" time="0.000" /><testcase classname="tests.unit.test_agent_system" name="test_document_tool_never_lists_another_personas_documents" time="0.010" /><testcase classname="tests.unit.test_agent_system" name="test_capability_question_does_not_match_character_ability_setting" time="0.000" /><testcase classname="tests.unit.test_agent_system" name="test_supervisor_routes_profile_mutations_to_management" time="0.000" /><testcase classname="tests.unit.test_agent_system" name="test_agent_query_returns_friendly_answer_when_llm_service_unavailable" time="0.001" /><testcase classname="tests.unit.test_agent_system" name="test_stage_mapping_from_updates" time="0.000" /><testcase classname="tests.unit.test_agent_system" name="test_stream_query_emits_stage_token_and_result" time="0.056" /><testcase classname="tests.unit.test_agent_system" name="test_knowledge_search_forwards_public_rag_steps" time="0.000" /><testcase classname="tests.unit.test_context_budget" name="test_bounded_context_keeps_system_and_latest_complete_turns" time="0.001" /><testcase classname="tests.unit.test_context_budget" name="test_bounded_context_never_drops_the_current_user_message" time="0.003" /><testcase classname="tests.unit.test_context_budget" name="test_context_budget_is_deterministic_for_long_conversations" time="0.005" /><testcase classname="tests.unit.test_context_budget" name="test_bounded_context_removes_orphan_tool_messages" time="0.000" /><testcase classname="tests.unit.test_rag_decisions" name="test_retrieve_node_passes_server_context" time="0.001" /><testcase classname="tests.unit.test_rag_decisions" name="test_empty_evidence_rewrites_then_uses_web_fallback" time="0.000" /><testcase classname="tests.unit.test_rag_decisions" name="test_quality_failure_has_bounded_retry_and_feedback" time="0.000" /><testcase classname="tests.unit.test_rag_decisions" name="test_high_confidence_answer_uses_lightweight_quality_gate" time="0.000" /><testcase classname="tests.unit.test_rag_decisions" name="test_interaction_router_keeps_chat_and_capabilities_out_of_rag" time="0.000" /><testcase classname="tests.unit.test_rag_decisions" name="test_interaction_router_respects_negation_and_realtime_priority" time="0.000" /><testcase classname="tests.unit.test_rag_decisions" name="test_persona_knowledge_question_does_not_fallback_to_web_without_explicit_request" time="1.645" /><testcase classname="tests.unit.test_rag_decisions" name="test_force_knowledge_bypasses_conversation_routing" time="0.000" /><testcase classname="tests.unit.test_rag_decisions" name="test_greeting_uses_persona_without_retrieval" time="0.002" /><testcase classname="tests.unit.test_rag_decisions" name="test_capability_question_reports_actual_empty_tool_manifest" time="0.001" /><testcase classname="tests.unit.test_rag_decisions" name="test_rag_generation_always_receives_persona_profile" time="0.000" /><testcase classname="tests.unit.test_reranker_context" name="test_reranker_sorts_and_keeps_requested_count" time="0.000" /><testcase classname="tests.unit.test_reranker_context" name="test_candidate_stage_uses_local_reranker_without_remote_llm_grader" time="0.001" /><testcase classname="tests.unit.test_reranker_context" name="test_generation_reuses_existing_rerank_scores" time="0.001" /><testcase classname="tests.unit.test_reranker_context" name="test_low_relevance_batch_is_removed_before_context_assembly" time="0.001" /><testcase classname="tests.unit.test_reranker_context" name="test_context_assembly_obeys_budget_and_k" time="0.000" /><testcase classname="tests.unit.test_reranker_context" name="test_context_assembly_returns_the_text_that_was_counted_against_the_budget" time="0.000" /><testcase classname="tests.unit.test_reranker_context" name="test_context_assembly_loads_neighbors_and_orders_each_document_by_chunk_id" time="0.000" /><testcase classname="tests.unit.test_candidate_processing" name="test_dedup_removes_same_chunk_from_two_channels" time="0.000" /><testcase classname="tests.unit.test_candidate_processing" name="test_dedup_keeps_distinct_versions" time="0.000" /><testcase classname="tests.unit.test_retrieval_config" name="test_named_profiles_resolve_without_model_call" time="0.000" /><testcase classname="tests.unit.test_retrieval_config" name="test_custom_profile_accepts_user_k_values" time="0.000" /><testcase classname="tests.unit.test_retrieval_config" name="test_custom_profile_rejects_invalid_order_and_budget" time="0.000" /><testcase classname="tests.unit.test_rag_presets" name="test_character_preset_has_zero_overlap_and_650_target" time="0.000" /><testcase classname="tests.unit.test_rag_presets" name="test_precise_and_deep_have_distinct_budgets" time="0.000" /><testcase classname="tests.unit.test_rag_presets" name="test_unknown_preset_is_rejected" time="0.000" /><testcase classname="tests.unit.test_semantic_chunker" name="test_continuous_chinese_text_splits_at_length_and_keeps_neighbors" time="0.000" /><testcase classname="tests.unit.test_semantic_chunker" name="test_markdown_heading_path_is_preserved" time="0.000" /><testcase classname="tests.unit.test_indexer" name="test_changed_document_deletes_only_same_space" time="0.040" /><testcase classname="tests.unit.test_indexer" name="test_explicit_chunking_preset_uses_semantic_chunks" time="0.013" /><testcase classname="tests.unit.test_indexer" name="test_index_job_commits_status_when_row_still_exists" time="0.003" /><testcase classname="tests.unit.test_indexer" name="test_index_job_cleans_orphan_vectors_when_row_deleted_during_indexing" time="0.004" /><testcase classname="tests.unit.test_indexer" name="test_index_job_routes_csv_to_sqlite_and_indexes_only_schema_card" time="0.033" /><testcase classname="tests.unit.test_indexer" name="test_index_job_removes_structured_import_when_vector_indexing_fails" time="0.030" /><testcase classname="tests.unit.test_mcp_config" name="test_config_roundtrip" time="0.012" /><testcase classname="tests.unit.test_mcp_config" name="test_load_servers_missing_or_corrupt" time="0.009" /><testcase classname="tests.unit.test_mcp_config" name="test_validate_rejects_bad_config[config0-\u540d\u79f0\u987b\u5339\u914d]" time="0.001" /><testcase classname="tests.unit.test_mcp_config" name="test_validate_rejects_bad_config[config1-transport]" time="0.000" /><testcase classname="tests.unit.test_mcp_config" name="test_validate_rejects_bad_config[config2-command]" time="0.000" /><testcase classname="tests.unit.test_mcp_config" name="test_validate_rejects_bad_config[config3-url]" time="0.000" /><testcase classname="tests.unit.test_mcp_config" name="test_validate_rejects_bad_config[config4-url]" time="0.000" /><testcase classname="tests.unit.test_mcp_config" name="test_to_connection_shapes" time="0.000" /><testcase classname="tests.unit.test_mcp_config" name="test_atomic_write_has_no_tmp_leftover" time="0.012" /><testcase classname="tests.unit.test_mcp_config" name="test_ensure_default_servers_writes_empty_config" time="0.011" /><testcase classname="tests.unit.test_mcp_config" name="test_ensure_default_servers_removes_legacy_free_search" time="0.020" /><testcase classname="tests.unit.test_mcp_config" name="test_ensure_default_servers_keeps_explicitly_removed_free_search" time="0.006" /><testcase classname="tests.api.test_reranker_resources" name="test_reranker_resource_api_uses_managed_resource_manager" time="1.118" /><testcase classname="tests.api.test_reranker_resources" name="test_reranker_install_rejects_unsafe_model_id" time="0.673" /><testcase classname="tests.unit.test_local_reranker_resources" name="test_reranker_model_directory_is_scoped_to_project_models" time="0.005" /><testcase classname="tests.unit.test_local_reranker_resources" name="test_reranker_model_id_rejects_path_escape[../outside]" time="0.003" /><testcase classname="tests.unit.test_local_reranker_resources" name="test_reranker_model_id_rejects_path_escape[Qwen/../../outside]" time="0.003" /><testcase classname="tests.unit.test_local_reranker_resources" name="test_reranker_model_id_rejects_path_escape[C:/outside]" time="0.003" /><testcase classname="tests.unit.test_local_reranker_resources" name="test_reranker_model_id_rejects_path_escape[/outside]" time="0.002" /><testcase classname="tests.unit.test_local_reranker_resources" name="test_reranker_runtime_install_uses_shared_embedding_runtime_and_domestic_sources" time="0.007" /><testcase classname="tests.unit.test_local_reranker_resources" name="test_reranker_runtime_install_does_not_fall_back_overseas" time="0.005" /><testcase classname="tests.unit.test_local_reranker_resources" name="test_reranker_runtime_skips_pip_when_shared_dependencies_are_ready" time="0.006" /><testcase classname="tests.unit.test_local_reranker_resources" name="test_reranker_cancel_install_terminates_active_process" time="0.005" /><testcase classname="tests.unit.test_local_reranker_client" name="test_managed_reranker_sends_query_document_pairs" time="0.003" /><testcase classname="tests.unit.test_local_reranker_client" name="test_reranker_worker_crash_is_restarted_on_the_next_request" time="0.009" /><testcase classname="tests.unit.test_local_reranker_worker" name="test_reranker_prompt_uses_qwen_yes_no_contract" time="0.000" /><testcase classname="tests.unit.test_local_reranker_worker" name="test_reranker_prompt_matches_official_query_document_spacing" time="0.000" /><testcase classname="tests.unit.test_local_reranker_worker" name="test_reranker_batches_preserve_every_candidate_in_order" time="0.000" /></testsuite></testsuites>